2026-01-28 07:35:47 | DEBUG    | logger.py:88 | Logger initialized
2026-01-28 07:35:47 | DEBUG    | logger.py:89 | Log file: /mnt/e/D_Folder/IIT Madras AI4Bharat - GitHub/submission/results/terminal_logs/parse_trt_profile.log
2026-01-28 07:35:47 | INFO     | parse_trt_profile.py:35 | TensorRT profile  : /mnt/e/D_Folder/IIT Madras AI4Bharat - GitHub/submission/models/tensorrt/wav2vec2_optimized_trt_fp16.json
2026-01-28 07:35:47 | INFO     | parse_trt_profile.py:36 | Output CSV       : /mnt/e/D_Folder/IIT Madras AI4Bharat - GitHub/submission/results/wav2vec2_optimized_trt_fp16_ops.csv
2026-01-28 07:35:47 | INFO     | parse_trt_profile.py:37 | Top-K operators  : 30
2026-01-28 07:35:47 | ERROR    | parse_trt_profile.py:67 | Unable to extract layers from TensorRT profile
Traceback (most recent call last):
  File "/mnt/e/D_Folder/IIT Madras AI4Bharat - GitHub/submission/code/tensorrt/parse_trt_profile.py", line 65, in <module>
    layers_raw = extract_layers(raw)
  File "/mnt/e/D_Folder/IIT Madras AI4Bharat - GitHub/submission/code/tensorrt/parse_trt_profile.py", line 62, in extract_layers
    raise ValueError("Unsupported TensorRT profile format")
ValueError: Unsupported TensorRT profile format
2026-01-28 07:35:48 | DEBUG    | logger.py:88 | Logger initialized
2026-01-28 07:35:48 | DEBUG    | logger.py:89 | Log file: /mnt/e/D_Folder/IIT Madras AI4Bharat - GitHub/submission/results/terminal_logs/parse_trt_profile.log
2026-01-28 07:35:48 | INFO     | parse_trt_profile.py:35 | TensorRT profile  : /mnt/e/D_Folder/IIT Madras AI4Bharat - GitHub/submission/models/tensorrt/wav2vec2_optimized_trt_fp32.json
2026-01-28 07:35:48 | INFO     | parse_trt_profile.py:36 | Output CSV       : /mnt/e/D_Folder/IIT Madras AI4Bharat - GitHub/submission/results/wav2vec2_optimized_trt_fp32_ops.csv
2026-01-28 07:35:48 | INFO     | parse_trt_profile.py:37 | Top-K operators  : 30
2026-01-28 07:35:48 | ERROR    | parse_trt_profile.py:67 | Unable to extract layers from TensorRT profile
Traceback (most recent call last):
  File "/mnt/e/D_Folder/IIT Madras AI4Bharat - GitHub/submission/code/tensorrt/parse_trt_profile.py", line 65, in <module>
    layers_raw = extract_layers(raw)
  File "/mnt/e/D_Folder/IIT Madras AI4Bharat - GitHub/submission/code/tensorrt/parse_trt_profile.py", line 62, in extract_layers
    raise ValueError("Unsupported TensorRT profile format")
ValueError: Unsupported TensorRT profile format
2026-01-28 07:35:49 | DEBUG    | logger.py:88 | Logger initialized
2026-01-28 07:35:49 | DEBUG    | logger.py:89 | Log file: /mnt/e/D_Folder/IIT Madras AI4Bharat - GitHub/submission/results/terminal_logs/parse_trt_profile.log
2026-01-28 07:35:49 | INFO     | parse_trt_profile.py:35 | TensorRT profile  : /mnt/e/D_Folder/IIT Madras AI4Bharat - GitHub/submission/models/tensorrt/wav2vec2_optimized_trt_mixed.json
2026-01-28 07:35:49 | INFO     | parse_trt_profile.py:36 | Output CSV       : /mnt/e/D_Folder/IIT Madras AI4Bharat - GitHub/submission/results/wav2vec2_optimized_trt_mixed_ops.csv
2026-01-28 07:35:49 | INFO     | parse_trt_profile.py:37 | Top-K operators  : 30
2026-01-28 07:35:49 | ERROR    | parse_trt_profile.py:67 | Unable to extract layers from TensorRT profile
Traceback (most recent call last):
  File "/mnt/e/D_Folder/IIT Madras AI4Bharat - GitHub/submission/code/tensorrt/parse_trt_profile.py", line 65, in <module>
    layers_raw = extract_layers(raw)
  File "/mnt/e/D_Folder/IIT Madras AI4Bharat - GitHub/submission/code/tensorrt/parse_trt_profile.py", line 62, in extract_layers
    raise ValueError("Unsupported TensorRT profile format")
ValueError: Unsupported TensorRT profile format
2026-01-28 07:35:50 | DEBUG    | logger.py:88 | Logger initialized
2026-01-28 07:35:50 | DEBUG    | logger.py:89 | Log file: /mnt/e/D_Folder/IIT Madras AI4Bharat - GitHub/submission/results/terminal_logs/parse_trt_profile.log
2026-01-28 07:35:50 | INFO     | parse_trt_profile.py:35 | TensorRT profile  : /mnt/e/D_Folder/IIT Madras AI4Bharat - GitHub/submission/results/onnx_profile.json
2026-01-28 07:35:50 | INFO     | parse_trt_profile.py:36 | Output CSV       : /mnt/e/D_Folder/IIT Madras AI4Bharat - GitHub/submission/results/onnx_profile_ops.csv
2026-01-28 07:35:50 | INFO     | parse_trt_profile.py:37 | Top-K operators  : 30
2026-01-28 07:35:51 | INFO     | parse_trt_profile.py:70 | Found 24677 raw layer entries
2026-01-28 07:35:51 | ERROR    | parse_trt_profile.py:95 | No valid timing data found in TensorRT profile
2026-01-28 11:19:17 | DEBUG    | logger.py:88 | Logger initialized
2026-01-28 11:19:17 | DEBUG    | logger.py:89 | Log file: /mnt/e/D_Folder/IIT Madras AI4Bharat - GitHub/submission/results/terminal_logs/parse_trt_profile.log
2026-01-28 11:19:17 | INFO     | parse_trt_profile.py:35 | TensorRT profile  : /mnt/e/D_Folder/IIT Madras AI4Bharat - GitHub/submission/models/tensorrt/wav2vec2_optimized_trt_fp16.json
2026-01-28 11:19:17 | INFO     | parse_trt_profile.py:36 | Output CSV       : /mnt/e/D_Folder/IIT Madras AI4Bharat - GitHub/submission/results/wav2vec2_optimized_trt_fp16_ops.csv
2026-01-28 11:19:17 | INFO     | parse_trt_profile.py:37 | Top-K operators  : 30
2026-01-28 11:19:17 | ERROR    | parse_trt_profile.py:67 | Unable to extract layers from TensorRT profile
Traceback (most recent call last):
  File "/mnt/e/D_Folder/IIT Madras AI4Bharat - GitHub/submission/code/tensorrt/parse_trt_profile.py", line 65, in <module>
    layers_raw = extract_layers(raw)
  File "/mnt/e/D_Folder/IIT Madras AI4Bharat - GitHub/submission/code/tensorrt/parse_trt_profile.py", line 62, in extract_layers
    raise ValueError("Unsupported TensorRT profile format")
ValueError: Unsupported TensorRT profile format
2026-01-28 11:19:18 | DEBUG    | logger.py:88 | Logger initialized
2026-01-28 11:19:18 | DEBUG    | logger.py:89 | Log file: /mnt/e/D_Folder/IIT Madras AI4Bharat - GitHub/submission/results/terminal_logs/parse_trt_profile.log
2026-01-28 11:19:18 | INFO     | parse_trt_profile.py:35 | TensorRT profile  : /mnt/e/D_Folder/IIT Madras AI4Bharat - GitHub/submission/models/tensorrt/wav2vec2_optimized_trt_fp32.json
2026-01-28 11:19:18 | INFO     | parse_trt_profile.py:36 | Output CSV       : /mnt/e/D_Folder/IIT Madras AI4Bharat - GitHub/submission/results/wav2vec2_optimized_trt_fp32_ops.csv
2026-01-28 11:19:18 | INFO     | parse_trt_profile.py:37 | Top-K operators  : 30
2026-01-28 11:19:18 | ERROR    | parse_trt_profile.py:67 | Unable to extract layers from TensorRT profile
Traceback (most recent call last):
  File "/mnt/e/D_Folder/IIT Madras AI4Bharat - GitHub/submission/code/tensorrt/parse_trt_profile.py", line 65, in <module>
    layers_raw = extract_layers(raw)
  File "/mnt/e/D_Folder/IIT Madras AI4Bharat - GitHub/submission/code/tensorrt/parse_trt_profile.py", line 62, in extract_layers
    raise ValueError("Unsupported TensorRT profile format")
ValueError: Unsupported TensorRT profile format
2026-01-28 11:19:19 | DEBUG    | logger.py:88 | Logger initialized
2026-01-28 11:19:19 | DEBUG    | logger.py:89 | Log file: /mnt/e/D_Folder/IIT Madras AI4Bharat - GitHub/submission/results/terminal_logs/parse_trt_profile.log
2026-01-28 11:19:19 | INFO     | parse_trt_profile.py:35 | TensorRT profile  : /mnt/e/D_Folder/IIT Madras AI4Bharat - GitHub/submission/models/tensorrt/wav2vec2_optimized_trt_mixed.json
2026-01-28 11:19:19 | INFO     | parse_trt_profile.py:36 | Output CSV       : /mnt/e/D_Folder/IIT Madras AI4Bharat - GitHub/submission/results/wav2vec2_optimized_trt_mixed_ops.csv
2026-01-28 11:19:19 | INFO     | parse_trt_profile.py:37 | Top-K operators  : 30
2026-01-28 11:19:19 | ERROR    | parse_trt_profile.py:67 | Unable to extract layers from TensorRT profile
Traceback (most recent call last):
  File "/mnt/e/D_Folder/IIT Madras AI4Bharat - GitHub/submission/code/tensorrt/parse_trt_profile.py", line 65, in <module>
    layers_raw = extract_layers(raw)
  File "/mnt/e/D_Folder/IIT Madras AI4Bharat - GitHub/submission/code/tensorrt/parse_trt_profile.py", line 62, in extract_layers
    raise ValueError("Unsupported TensorRT profile format")
ValueError: Unsupported TensorRT profile format
2026-01-28 11:19:20 | DEBUG    | logger.py:88 | Logger initialized
2026-01-28 11:19:20 | DEBUG    | logger.py:89 | Log file: /mnt/e/D_Folder/IIT Madras AI4Bharat - GitHub/submission/results/terminal_logs/parse_trt_profile.log
2026-01-28 11:19:20 | INFO     | parse_trt_profile.py:35 | TensorRT profile  : /mnt/e/D_Folder/IIT Madras AI4Bharat - GitHub/submission/results/onnx_profile.json
2026-01-28 11:19:20 | INFO     | parse_trt_profile.py:36 | Output CSV       : /mnt/e/D_Folder/IIT Madras AI4Bharat - GitHub/submission/results/onnx_profile_ops.csv
2026-01-28 11:19:20 | INFO     | parse_trt_profile.py:37 | Top-K operators  : 30
2026-01-28 11:19:21 | INFO     | parse_trt_profile.py:70 | Found 24677 raw layer entries
2026-01-28 11:19:21 | ERROR    | parse_trt_profile.py:95 | No valid timing data found in TensorRT profile
